{"/Users/Shared/data/project/frontend/quill-image-edit-module/src/defaultOptions.ts": {"path":"/Users/Shared/data/project/frontend/quill-image-edit-module/src/defaultOptions.ts","statementMap":{"0":{"start":{"line":1,"column":0},"end":{"line":86,"column":2}}},"fnMap":{},"branchMap":{},"s":{"0":1},"f":{},"b":{}}
,"/Users/Shared/data/project/frontend/quill-image-edit-module/src/index.ts": {"path":"/Users/Shared/data/project/frontend/quill-image-edit-module/src/index.ts","statementMap":{"0":{"start":{"line":1,"column":0},"end":{"line":1,"column":26}},"1":{"start":{"line":2,"column":0},"end":{"line":2,"column":38}},"2":{"start":{"line":3,"column":0},"end":{"line":3,"column":46}},"3":{"start":{"line":4,"column":0},"end":{"line":4,"column":48}},"4":{"start":{"line":5,"column":0},"end":{"line":5,"column":40}},"5":{"start":{"line":6,"column":0},"end":{"line":6,"column":38}},"6":{"start":{"line":7,"column":0},"end":{"line":7,"column":38}},"7":{"start":{"line":9,"column":26},"end":{"line":9,"column":66}},"8":{"start":{"line":16,"column":0},"end":{"line":16,"column":null}},"9":{"start":{"line":24,"column":2},"end":{"line":24,"column":14}},"10":{"start":{"line":24,"column":26},"end":{"line":24,"column":null}},"11":{"start":{"line":57,"column":2},"end":{"line":71,"column":4}},"12":{"start":{"line":58,"column":4},"end":{"line":58,"column":25}},"13":{"start":{"line":60,"column":4},"end":{"line":62,"column":6}},"14":{"start":{"line":61,"column":14},"end":{"line":61,"column":null}},"15":{"start":{"line":64,"column":4},"end":{"line":68,"column":6}},"16":{"start":{"line":66,"column":8},"end":{"line":66,"column":26}},"17":{"start":{"line":70,"column":4},"end":{"line":70,"column":20}},"18":{"start":{"line":73,"column":2},"end":{"line":81,"column":4}},"19":{"start":{"line":74,"column":4},"end":{"line":74,"column":30}},"20":{"start":{"line":76,"column":4},"end":{"line":80,"column":6}},"21":{"start":{"line":78,"column":8},"end":{"line":78,"column":26}},"22":{"start":{"line":83,"column":2},"end":{"line":91,"column":4}},"23":{"start":{"line":84,"column":4},"end":{"line":88,"column":6}},"24":{"start":{"line":86,"column":8},"end":{"line":86,"column":27}},"25":{"start":{"line":90,"column":4},"end":{"line":90,"column":22}},"26":{"start":{"line":93,"column":2},"end":{"line":110,"column":4}},"27":{"start":{"line":94,"column":15},"end":{"line":94,"column":40}},"28":{"start":{"line":95,"column":4},"end":{"line":109,"column":null}},"29":{"start":{"line":96,"column":6},"end":{"line":99,"column":null}},"30":{"start":{"line":98,"column":8},"end":{"line":98,"column":15}},"31":{"start":{"line":100,"column":6},"end":{"line":103,"column":null}},"32":{"start":{"line":102,"column":8},"end":{"line":102,"column":20}},"33":{"start":{"line":105,"column":6},"end":{"line":105,"column":20}},"34":{"start":{"line":106,"column":11},"end":{"line":109,"column":null}},"35":{"start":{"line":108,"column":6},"end":{"line":108,"column":18}},"36":{"start":{"line":112,"column":2},"end":{"line":119,"column":4}},"37":{"start":{"line":114,"column":4},"end":{"line":114,"column":19}},"38":{"start":{"line":116,"column":4},"end":{"line":116,"column":23}},"39":{"start":{"line":118,"column":4},"end":{"line":118,"column":29}},"40":{"start":{"line":121,"column":2},"end":{"line":142,"column":4}},"41":{"start":{"line":122,"column":4},"end":{"line":124,"column":null}},"42":{"start":{"line":123,"column":6},"end":{"line":123,"column":25}},"43":{"start":{"line":126,"column":4},"end":{"line":126,"column":34}},"44":{"start":{"line":129,"column":4},"end":{"line":129,"column":31}},"45":{"start":{"line":132,"column":4},"end":{"line":132,"column":62}},"46":{"start":{"line":133,"column":4},"end":{"line":133,"column":69}},"47":{"start":{"line":136,"column":4},"end":{"line":136,"column":49}},"48":{"start":{"line":137,"column":4},"end":{"line":137,"column":66}},"49":{"start":{"line":139,"column":4},"end":{"line":139,"column":57}},"50":{"start":{"line":141,"column":4},"end":{"line":141,"column":30}},"51":{"start":{"line":144,"column":2},"end":{"line":159,"column":4}},"52":{"start":{"line":145,"column":4},"end":{"line":147,"column":null}},"53":{"start":{"line":146,"column":6},"end":{"line":146,"column":13}},"54":{"start":{"line":150,"column":4},"end":{"line":150,"column":57}},"55":{"start":{"line":151,"column":4},"end":{"line":151,"column":29}},"56":{"start":{"line":154,"column":4},"end":{"line":154,"column":59}},"57":{"start":{"line":155,"column":4},"end":{"line":155,"column":66}},"58":{"start":{"line":158,"column":4},"end":{"line":158,"column":27}},"59":{"start":{"line":161,"column":2},"end":{"line":177,"column":4}},"60":{"start":{"line":162,"column":4},"end":{"line":164,"column":null}},"61":{"start":{"line":163,"column":6},"end":{"line":163,"column":13}},"62":{"start":{"line":167,"column":19},"end":{"line":167,"column":45}},"63":{"start":{"line":168,"column":20},"end":{"line":168,"column":52}},"64":{"start":{"line":169,"column":26},"end":{"line":169,"column":56}},"65":{"start":{"line":171,"column":4},"end":{"line":176,"column":7}},"66":{"start":{"line":179,"column":2},"end":{"line":183,"column":4}},"67":{"start":{"line":180,"column":4},"end":{"line":180,"column":23}},"68":{"start":{"line":181,"column":4},"end":{"line":181,"column":25}},"69":{"start":{"line":182,"column":4},"end":{"line":182,"column":25}},"70":{"start":{"line":185,"column":2},"end":{"line":196,"column":4}},"71":{"start":{"line":186,"column":4},"end":{"line":195,"column":7}},"72":{"start":{"line":193,"column":6},"end":{"line":193,"column":42}},"73":{"start":{"line":194,"column":6},"end":{"line":194,"column":51}},"74":{"start":{"line":198,"column":2},"end":{"line":205,"column":4}},"75":{"start":{"line":199,"column":4},"end":{"line":204,"column":null}},"76":{"start":{"line":200,"column":6},"end":{"line":202,"column":null}},"77":{"start":{"line":201,"column":8},"end":{"line":201,"column":41}},"78":{"start":{"line":203,"column":6},"end":{"line":203,"column":18}},"79":{"start":{"line":26,"column":4},"end":{"line":26,"column":23}},"80":{"start":{"line":30,"column":24},"end":{"line":30,"column":29}},"81":{"start":{"line":31,"column":4},"end":{"line":33,"column":null}},"82":{"start":{"line":32,"column":6},"end":{"line":32,"column":46}},"83":{"start":{"line":36,"column":4},"end":{"line":36,"column":61}},"84":{"start":{"line":39,"column":4},"end":{"line":41,"column":null}},"85":{"start":{"line":40,"column":6},"end":{"line":40,"column":43}},"86":{"start":{"line":44,"column":4},"end":{"line":44,"column":65}},"87":{"start":{"line":47,"column":4},"end":{"line":47,"column":71}},"88":{"start":{"line":49,"column":4},"end":{"line":49,"column":104}},"89":{"start":{"line":52,"column":4},"end":{"line":52,"column":46}},"90":{"start":{"line":54,"column":4},"end":{"line":54,"column":22}},"91":{"start":{"line":206,"column":0},"end":{"line":206,"column":null}}},"fnMap":{"0":{"name":"(anonymous_1)","decl":{"start":{"line":16,"column":0},"end":{"line":16,"column":null}},"loc":{"start":{"line":16,"column":0},"end":{"line":206,"column":null}}},"1":{"name":"ImageEdit","decl":{"start":{"line":24,"column":2},"end":{"line":24,"column":14}},"loc":{"start":{"line":24,"column":43},"end":{"line":55,"column":3}}},"2":{"name":"(anonymous_3)","decl":{"start":{"line":57,"column":22},"end":{"line":57,"column":null}},"loc":{"start":{"line":57,"column":22},"end":{"line":71,"column":3}}},"3":{"name":"(anonymous_4)","decl":{"start":{"line":61,"column":6},"end":{"line":61,"column":10}},"loc":{"start":{"line":61,"column":10},"end":{"line":61,"column":18}}},"4":{"name":"(anonymous_5)","decl":{"start":{"line":65,"column":6},"end":{"line":65,"column":7}},"loc":{"start":{"line":65,"column":13},"end":{"line":67,"column":7}}},"5":{"name":"(anonymous_6)","decl":{"start":{"line":73,"column":13},"end":{"line":73,"column":null}},"loc":{"start":{"line":73,"column":13},"end":{"line":81,"column":3}}},"6":{"name":"(anonymous_7)","decl":{"start":{"line":77,"column":6},"end":{"line":77,"column":7}},"loc":{"start":{"line":77,"column":13},"end":{"line":79,"column":7}}},"7":{"name":"(anonymous_8)","decl":{"start":{"line":83,"column":18},"end":{"line":83,"column":null}},"loc":{"start":{"line":83,"column":18},"end":{"line":91,"column":3}}},"8":{"name":"(anonymous_9)","decl":{"start":{"line":85,"column":6},"end":{"line":85,"column":7}},"loc":{"start":{"line":85,"column":13},"end":{"line":87,"column":7}}},"9":{"name":"(anonymous_10)","decl":{"start":{"line":93,"column":16},"end":{"line":93,"column":17}},"loc":{"start":{"line":93,"column":32},"end":{"line":110,"column":3}}},"10":{"name":"(anonymous_11)","decl":{"start":{"line":112,"column":9},"end":{"line":112,"column":10}},"loc":{"start":{"line":112,"column":26},"end":{"line":119,"column":3}}},"11":{"name":"(anonymous_12)","decl":{"start":{"line":121,"column":16},"end":{"line":121,"column":null}},"loc":{"start":{"line":121,"column":16},"end":{"line":142,"column":3}}},"12":{"name":"(anonymous_13)","decl":{"start":{"line":144,"column":16},"end":{"line":144,"column":null}},"loc":{"start":{"line":144,"column":16},"end":{"line":159,"column":3}}},"13":{"name":"(anonymous_14)","decl":{"start":{"line":161,"column":23},"end":{"line":161,"column":null}},"loc":{"start":{"line":161,"column":23},"end":{"line":177,"column":3}}},"14":{"name":"(anonymous_15)","decl":{"start":{"line":179,"column":9},"end":{"line":179,"column":null}},"loc":{"start":{"line":179,"column":9},"end":{"line":183,"column":3}}},"15":{"name":"(anonymous_16)","decl":{"start":{"line":185,"column":18},"end":{"line":185,"column":19}},"loc":{"start":{"line":185,"column":32},"end":{"line":196,"column":3}}},"16":{"name":"(anonymous_17)","decl":{"start":{"line":191,"column":14},"end":{"line":191,"column":15}},"loc":{"start":{"line":191,"column":24},"end":{"line":195,"column":5}}},"17":{"name":"(anonymous_18)","decl":{"start":{"line":198,"column":15},"end":{"line":198,"column":16}},"loc":{"start":{"line":198,"column":34},"end":{"line":205,"column":3}}}},"branchMap":{"0":{"loc":{"start":{"line":24,"column":26},"end":{"line":24,"column":null}},"type":"if","locations":[{"start":{"line":24,"column":26},"end":{"line":24,"column":null}},{"start":{"line":24,"column":26},"end":{"line":24,"column":null}}]},"1":{"loc":{"start":{"line":61,"column":19},"end":{"line":61,"column":37}},"type":"binary-expr","locations":[{"start":{"line":61,"column":19},"end":{"line":61,"column":37}},{"start":{"line":61,"column":41},"end":{"line":61,"column":45}}]},"2":{"loc":{"start":{"line":95,"column":4},"end":{"line":109,"column":null}},"type":"if","locations":[{"start":{"line":95,"column":4},"end":{"line":109,"column":null}},{"start":{"line":95,"column":4},"end":{"line":109,"column":null}}]},"3":{"loc":{"start":{"line":95,"column":8},"end":{"line":95,"column":10}},"type":"binary-expr","locations":[{"start":{"line":95,"column":8},"end":{"line":95,"column":10}},{"start":{"line":95,"column":14},"end":{"line":95,"column":24}},{"start":{"line":95,"column":28},"end":{"line":95,"column":62}}]},"4":{"loc":{"start":{"line":96,"column":6},"end":{"line":99,"column":null}},"type":"if","locations":[{"start":{"line":96,"column":6},"end":{"line":99,"column":null}},{"start":{"line":96,"column":6},"end":{"line":99,"column":null}}]},"5":{"loc":{"start":{"line":100,"column":6},"end":{"line":103,"column":null}},"type":"if","locations":[{"start":{"line":100,"column":6},"end":{"line":103,"column":null}},{"start":{"line":100,"column":6},"end":{"line":103,"column":null}}]},"6":{"loc":{"start":{"line":106,"column":11},"end":{"line":109,"column":null}},"type":"if","locations":[{"start":{"line":106,"column":11},"end":{"line":109,"column":null}},{"start":{"line":106,"column":11},"end":{"line":109,"column":null}}]},"7":{"loc":{"start":{"line":122,"column":4},"end":{"line":124,"column":null}},"type":"if","locations":[{"start":{"line":122,"column":4},"end":{"line":124,"column":null}},{"start":{"line":122,"column":4},"end":{"line":124,"column":null}}]},"8":{"loc":{"start":{"line":145,"column":4},"end":{"line":147,"column":null}},"type":"if","locations":[{"start":{"line":145,"column":4},"end":{"line":147,"column":null}},{"start":{"line":145,"column":4},"end":{"line":147,"column":null}}]},"9":{"loc":{"start":{"line":162,"column":4},"end":{"line":164,"column":null}},"type":"if","locations":[{"start":{"line":162,"column":4},"end":{"line":164,"column":null}},{"start":{"line":162,"column":4},"end":{"line":164,"column":null}}]},"10":{"loc":{"start":{"line":162,"column":8},"end":{"line":162,"column":21}},"type":"binary-expr","locations":[{"start":{"line":162,"column":8},"end":{"line":162,"column":21}},{"start":{"line":162,"column":25},"end":{"line":162,"column":34}}]},"11":{"loc":{"start":{"line":199,"column":4},"end":{"line":204,"column":null}},"type":"if","locations":[{"start":{"line":199,"column":4},"end":{"line":204,"column":null}},{"start":{"line":199,"column":4},"end":{"line":204,"column":null}}]},"12":{"loc":{"start":{"line":200,"column":6},"end":{"line":202,"column":null}},"type":"if","locations":[{"start":{"line":200,"column":6},"end":{"line":202,"column":null}},{"start":{"line":200,"column":6},"end":{"line":202,"column":null}}]},"13":{"loc":{"start":{"line":200,"column":10},"end":{"line":200,"column":27}},"type":"binary-expr","locations":[{"start":{"line":200,"column":10},"end":{"line":200,"column":27}},{"start":{"line":200,"column":31},"end":{"line":200,"column":47}}]},"14":{"loc":{"start":{"line":31,"column":4},"end":{"line":33,"column":null}},"type":"if","locations":[{"start":{"line":31,"column":4},"end":{"line":33,"column":null}},{"start":{"line":31,"column":4},"end":{"line":33,"column":null}}]},"15":{"loc":{"start":{"line":39,"column":4},"end":{"line":41,"column":null}},"type":"if","locations":[{"start":{"line":39,"column":4},"end":{"line":41,"column":null}},{"start":{"line":39,"column":4},"end":{"line":41,"column":null}}]},"16":{"loc":{"start":{"line":49,"column":48},"end":{"line":49,"column":89}},"type":"binary-expr","locations":[{"start":{"line":49,"column":48},"end":{"line":49,"column":89}},{"start":{"line":49,"column":93},"end":{"line":49,"column":103}}]}},"s":{"0":1,"1":1,"2":1,"3":1,"4":1,"5":1,"6":1,"7":1,"8":1,"9":1,"10":1,"11":1,"12":0,"13":0,"14":0,"15":0,"16":0,"17":0,"18":1,"19":0,"20":0,"21":0,"22":1,"23":0,"24":0,"25":0,"26":1,"27":0,"28":0,"29":0,"30":0,"31":0,"32":0,"33":0,"34":0,"35":0,"36":1,"37":0,"38":0,"39":0,"40":1,"41":0,"42":0,"43":0,"44":0,"45":0,"46":0,"47":0,"48":0,"49":0,"50":0,"51":1,"52":0,"53":0,"54":0,"55":0,"56":0,"57":0,"58":0,"59":1,"60":0,"61":0,"62":0,"63":0,"64":0,"65":0,"66":1,"67":0,"68":0,"69":0,"70":1,"71":1,"72":4,"73":4,"74":1,"75":0,"76":0,"77":0,"78":0,"79":1,"80":1,"81":1,"82":1,"83":1,"84":1,"85":1,"86":1,"87":1,"88":1,"89":1,"90":1,"91":1},"f":{"0":1,"1":1,"2":0,"3":0,"4":0,"5":0,"6":0,"7":0,"8":0,"9":0,"10":0,"11":0,"12":0,"13":0,"14":0,"15":1,"16":4,"17":0},"b":{"0":[0,1],"1":[0,0],"2":[0,0],"3":[0,0,0],"4":[0,0],"5":[0,0],"6":[0,0],"7":[0,0],"8":[0,0],"9":[0,0],"10":[0,0],"11":[0,0],"12":[0,0],"13":[0,0],"14":[1,0],"15":[1,0],"16":[1,1]}}
,"/Users/Shared/data/project/frontend/quill-image-edit-module/src/modules/baseModule.ts": {"path":"/Users/Shared/data/project/frontend/quill-image-edit-module/src/modules/baseModule.ts","statementMap":{"0":{"start":{"line":1,"column":0},"end":{"line":1,"column":13}},"1":{"start":{"line":31,"column":2},"end":{"line":31,"column":22}},"2":{"start":{"line":37,"column":2},"end":{"line":37,"column":23}},"3":{"start":{"line":44,"column":2},"end":{"line":44,"column":22}},"4":{"start":{"line":9,"column":4},"end":{"line":9,"column":32}},"5":{"start":{"line":10,"column":4},"end":{"line":10,"column":24}},"6":{"start":{"line":11,"column":4},"end":{"line":11,"column":26}},"7":{"start":{"line":12,"column":4},"end":{"line":12,"column":32}},"8":{"start":{"line":13,"column":4},"end":{"line":13,"column":39}},"9":{"start":{"line":45,"column":0},"end":{"line":45,"column":null}},"10":{"start":{"line":1,"column":13},"end":{"line":1,"column":23}}},"fnMap":{"0":{"name":"(anonymous_0)","decl":{"start":{"line":1,"column":0},"end":{"line":1,"column":13}},"loc":{"start":{"line":1,"column":0},"end":{"line":45,"column":null}}},"1":{"name":"BaseModule","decl":{"start":{"line":8,"column":2},"end":{"line":8,"column":14}},"loc":{"start":{"line":8,"column":23},"end":{"line":14,"column":3}}},"2":{"name":"(anonymous_2)","decl":{"start":{"line":31,"column":13},"end":{"line":31,"column":20}},"loc":{"start":{"line":31,"column":13},"end":{"line":31,"column":21}}},"3":{"name":"(anonymous_3)","decl":{"start":{"line":37,"column":14},"end":{"line":37,"column":21}},"loc":{"start":{"line":37,"column":14},"end":{"line":37,"column":22}}},"4":{"name":"(anonymous_4)","decl":{"start":{"line":44,"column":13},"end":{"line":44,"column":20}},"loc":{"start":{"line":44,"column":13},"end":{"line":44,"column":21}}}},"branchMap":{},"s":{"0":1,"1":0,"2":0,"3":0,"4":0,"5":0,"6":0,"7":0,"8":0,"9":1,"10":1},"f":{"0":1,"1":0,"2":0,"3":0,"4":0},"b":{}}
,"/Users/Shared/data/project/frontend/quill-image-edit-module/src/modules/delete.ts": {"path":"/Users/Shared/data/project/frontend/quill-image-edit-module/src/modules/delete.ts","statementMap":{"0":{"start":{"line":1,"column":0},"end":{"line":1,"column":26}},"1":{"start":{"line":2,"column":0},"end":{"line":2,"column":42}},"2":{"start":{"line":4,"column":0},"end":{"line":4,"column":null}},"3":{"start":{"line":4,"column":36},"end":{"line":4,"column":46}},"4":{"start":{"line":4,"column":0},"end":{"line":4,"column":36}},"5":{"start":{"line":8,"column":2},"end":{"line":24,"column":4}},"6":{"start":{"line":10,"column":4},"end":{"line":10,"column":51}},"7":{"start":{"line":11,"column":4},"end":{"line":11,"column":54}},"8":{"start":{"line":14,"column":4},"end":{"line":14,"column":70}},"9":{"start":{"line":15,"column":4},"end":{"line":15,"column":74}},"10":{"start":{"line":17,"column":4},"end":{"line":17,"column":55}},"11":{"start":{"line":19,"column":4},"end":{"line":19,"column":64}},"12":{"start":{"line":22,"column":4},"end":{"line":22,"column":49}},"13":{"start":{"line":23,"column":4},"end":{"line":23,"column":45}},"14":{"start":{"line":26,"column":2},"end":{"line":31,"column":4}},"15":{"start":{"line":27,"column":4},"end":{"line":30,"column":null}},"16":{"start":{"line":28,"column":6},"end":{"line":28,"column":39}},"17":{"start":{"line":29,"column":6},"end":{"line":29,"column":18}},"18":{"start":{"line":32,"column":0},"end":{"line":32,"column":null}}},"fnMap":{"0":{"name":"(anonymous_7)","decl":{"start":{"line":4,"column":0},"end":{"line":4,"column":36}},"loc":{"start":{"line":4,"column":0},"end":{"line":32,"column":null}}},"1":{"name":"(anonymous_9)","decl":{"start":{"line":8,"column":13},"end":{"line":8,"column":null}},"loc":{"start":{"line":8,"column":13},"end":{"line":24,"column":3}}},"2":{"name":"(anonymous_10)","decl":{"start":{"line":26,"column":17},"end":{"line":26,"column":null}},"loc":{"start":{"line":26,"column":17},"end":{"line":31,"column":3}}}},"branchMap":{"0":{"loc":{"start":{"line":4,"column":0},"end":{"line":4,"column":36}},"type":"binary-expr","locations":[{"start":{"line":4,"column":0},"end":{"line":4,"column":36}},{"start":{"line":4,"column":0},"end":{"line":4,"column":36}},{"start":{"line":4,"column":0},"end":{"line":4,"column":36}}]},"1":{"loc":{"start":{"line":27,"column":4},"end":{"line":30,"column":null}},"type":"if","locations":[{"start":{"line":27,"column":4},"end":{"line":30,"column":null}},{"start":{"line":27,"column":4},"end":{"line":30,"column":null}}]}},"s":{"0":1,"1":1,"2":1,"3":1,"4":0,"5":0,"6":0,"7":0,"8":0,"9":0,"10":0,"11":0,"12":0,"13":0,"14":0,"15":0,"16":0,"17":0,"18":1},"f":{"0":1,"1":0,"2":0},"b":{"0":[0,0,0],"1":[0,0]}}
,"/Users/Shared/data/project/frontend/quill-image-edit-module/src/modules/displaySize.ts": {"path":"/Users/Shared/data/project/frontend/quill-image-edit-module/src/modules/displaySize.ts","statementMap":{"0":{"start":{"line":1,"column":0},"end":{"line":1,"column":42}},"1":{"start":{"line":3,"column":0},"end":{"line":3,"column":null}},"2":{"start":{"line":3,"column":41},"end":{"line":3,"column":51}},"3":{"start":{"line":3,"column":0},"end":{"line":3,"column":41}},"4":{"start":{"line":6,"column":2},"end":{"line":15,"column":4}},"5":{"start":{"line":8,"column":4},"end":{"line":8,"column":49}},"6":{"start":{"line":11,"column":4},"end":{"line":11,"column":66}},"7":{"start":{"line":14,"column":4},"end":{"line":14,"column":43}},"8":{"start":{"line":17,"column":2},"end":{"line":48,"column":4}},"9":{"start":{"line":18,"column":4},"end":{"line":20,"column":null}},"10":{"start":{"line":19,"column":6},"end":{"line":19,"column":13}},"11":{"start":{"line":22,"column":17},"end":{"line":22,"column":38}},"12":{"start":{"line":23,"column":4},"end":{"line":23,"column":52}},"13":{"start":{"line":24,"column":4},"end":{"line":47,"column":null}},"14":{"start":{"line":26,"column":6},"end":{"line":30,"column":9}},"15":{"start":{"line":31,"column":11},"end":{"line":47,"column":null}},"16":{"start":{"line":33,"column":23},"end":{"line":33,"column":59}},"17":{"start":{"line":34,"column":6},"end":{"line":38,"column":9}},"18":{"start":{"line":41,"column":23},"end":{"line":41,"column":59}},"19":{"start":{"line":42,"column":6},"end":{"line":46,"column":9}},"20":{"start":{"line":50,"column":2},"end":{"line":53,"column":4}},"21":{"start":{"line":50,"column":25},"end":{"line":53,"column":4}},"22":{"start":{"line":54,"column":0},"end":{"line":54,"column":null}}},"fnMap":{"0":{"name":"(anonymous_6)","decl":{"start":{"line":3,"column":0},"end":{"line":3,"column":41}},"loc":{"start":{"line":3,"column":0},"end":{"line":54,"column":null}}},"1":{"name":"(anonymous_8)","decl":{"start":{"line":6,"column":13},"end":{"line":6,"column":null}},"loc":{"start":{"line":6,"column":13},"end":{"line":15,"column":3}}},"2":{"name":"(anonymous_9)","decl":{"start":{"line":17,"column":13},"end":{"line":17,"column":null}},"loc":{"start":{"line":17,"column":13},"end":{"line":48,"column":3}}},"3":{"name":"(anonymous_10)","decl":{"start":{"line":50,"column":19},"end":{"line":50,"column":25}},"loc":{"start":{"line":50,"column":19},"end":{"line":50,"column":null}}}},"branchMap":{"0":{"loc":{"start":{"line":3,"column":0},"end":{"line":3,"column":41}},"type":"binary-expr","locations":[{"start":{"line":3,"column":0},"end":{"line":3,"column":41}},{"start":{"line":3,"column":0},"end":{"line":3,"column":41}},{"start":{"line":3,"column":0},"end":{"line":3,"column":41}}]},"1":{"loc":{"start":{"line":18,"column":4},"end":{"line":20,"column":null}},"type":"if","locations":[{"start":{"line":18,"column":4},"end":{"line":20,"column":null}},{"start":{"line":18,"column":4},"end":{"line":20,"column":null}}]},"2":{"loc":{"start":{"line":18,"column":8},"end":{"line":18,"column":21}},"type":"binary-expr","locations":[{"start":{"line":18,"column":8},"end":{"line":18,"column":21}},{"start":{"line":18,"column":25},"end":{"line":18,"column":34}}]},"3":{"loc":{"start":{"line":24,"column":4},"end":{"line":47,"column":null}},"type":"if","locations":[{"start":{"line":24,"column":4},"end":{"line":47,"column":null}},{"start":{"line":24,"column":4},"end":{"line":47,"column":null}}]},"4":{"loc":{"start":{"line":24,"column":8},"end":{"line":24,"column":21}},"type":"binary-expr","locations":[{"start":{"line":24,"column":8},"end":{"line":24,"column":21}},{"start":{"line":24,"column":25},"end":{"line":24,"column":37}}]},"5":{"loc":{"start":{"line":31,"column":11},"end":{"line":47,"column":null}},"type":"if","locations":[{"start":{"line":31,"column":11},"end":{"line":47,"column":null}},{"start":{"line":31,"column":11},"end":{"line":47,"column":null}}]}},"s":{"0":1,"1":1,"2":1,"3":0,"4":0,"5":0,"6":0,"7":0,"8":0,"9":0,"10":0,"11":0,"12":0,"13":0,"14":0,"15":0,"16":0,"17":0,"18":0,"19":0,"20":0,"21":0,"22":1},"f":{"0":1,"1":0,"2":0,"3":0},"b":{"0":[0,0,0],"1":[0,0],"2":[0,0],"3":[0,0],"4":[0,0],"5":[0,0]}}
,"/Users/Shared/data/project/frontend/quill-image-edit-module/src/modules/resize.ts": {"path":"/Users/Shared/data/project/frontend/quill-image-edit-module/src/modules/resize.ts","statementMap":{"0":{"start":{"line":1,"column":0},"end":{"line":1,"column":42}},"1":{"start":{"line":3,"column":0},"end":{"line":3,"column":null}},"2":{"start":{"line":3,"column":36},"end":{"line":3,"column":46}},"3":{"start":{"line":3,"column":0},"end":{"line":3,"column":36}},"4":{"start":{"line":9,"column":2},"end":{"line":20,"column":4}},"5":{"start":{"line":11,"column":4},"end":{"line":11,"column":20}},"6":{"start":{"line":14,"column":4},"end":{"line":14,"column":31}},"7":{"start":{"line":15,"column":4},"end":{"line":15,"column":31}},"8":{"start":{"line":16,"column":4},"end":{"line":16,"column":31}},"9":{"start":{"line":17,"column":4},"end":{"line":17,"column":31}},"10":{"start":{"line":19,"column":4},"end":{"line":19,"column":25}},"11":{"start":{"line":22,"column":2},"end":{"line":25,"column":4}},"12":{"start":{"line":24,"column":4},"end":{"line":24,"column":23}},"13":{"start":{"line":27,"column":2},"end":{"line":40,"column":4}},"14":{"start":{"line":28,"column":29},"end":{"line":28,"column":81}},"15":{"start":{"line":29,"column":29},"end":{"line":29,"column":82}},"16":{"start":{"line":32,"column":4},"end":{"line":39,"column":7}},"17":{"start":{"line":38,"column":6},"end":{"line":38,"column":48}},"18":{"start":{"line":42,"column":2},"end":{"line":60,"column":4}},"19":{"start":{"line":44,"column":16},"end":{"line":44,"column":45}},"20":{"start":{"line":47,"column":4},"end":{"line":47,"column":56}},"21":{"start":{"line":48,"column":4},"end":{"line":48,"column":30}},"22":{"start":{"line":51,"column":4},"end":{"line":51,"column":61}},"23":{"start":{"line":52,"column":4},"end":{"line":52,"column":63}},"24":{"start":{"line":55,"column":4},"end":{"line":55,"column":67}},"25":{"start":{"line":57,"column":4},"end":{"line":57,"column":34}},"26":{"start":{"line":59,"column":4},"end":{"line":59,"column":25}},"27":{"start":{"line":62,"column":2},"end":{"line":74,"column":4}},"28":{"start":{"line":64,"column":4},"end":{"line":64,"column":45}},"29":{"start":{"line":66,"column":4},"end":{"line":66,"column":34}},"30":{"start":{"line":68,"column":4},"end":{"line":68,"column":64}},"31":{"start":{"line":70,"column":4},"end":{"line":70,"column":46}},"32":{"start":{"line":72,"column":4},"end":{"line":72,"column":67}},"33":{"start":{"line":73,"column":4},"end":{"line":73,"column":68}},"34":{"start":{"line":76,"column":2},"end":{"line":82,"column":4}},"35":{"start":{"line":78,"column":4},"end":{"line":78,"column":23}},"36":{"start":{"line":80,"column":4},"end":{"line":80,"column":63}},"37":{"start":{"line":81,"column":4},"end":{"line":81,"column":64}},"38":{"start":{"line":84,"column":2},"end":{"line":99,"column":4}},"39":{"start":{"line":85,"column":4},"end":{"line":88,"column":null}},"40":{"start":{"line":87,"column":6},"end":{"line":87,"column":13}},"41":{"start":{"line":90,"column":19},"end":{"line":90,"column":48}},"42":{"start":{"line":91,"column":4},"end":{"line":97,"column":null}},"43":{"start":{"line":93,"column":6},"end":{"line":93,"column":62}},"44":{"start":{"line":96,"column":6},"end":{"line":96,"column":62}},"45":{"start":{"line":98,"column":4},"end":{"line":98,"column":25}},"46":{"start":{"line":101,"column":2},"end":{"line":108,"column":4}},"47":{"start":{"line":102,"column":4},"end":{"line":107,"column":7}},"48":{"start":{"line":106,"column":6},"end":{"line":106,"column":30}},"49":{"start":{"line":109,"column":0},"end":{"line":109,"column":null}}},"fnMap":{"0":{"name":"(anonymous_6)","decl":{"start":{"line":3,"column":0},"end":{"line":3,"column":36}},"loc":{"start":{"line":3,"column":0},"end":{"line":109,"column":null}}},"1":{"name":"(anonymous_8)","decl":{"start":{"line":9,"column":13},"end":{"line":9,"column":null}},"loc":{"start":{"line":9,"column":13},"end":{"line":20,"column":3}}},"2":{"name":"(anonymous_9)","decl":{"start":{"line":22,"column":14},"end":{"line":22,"column":null}},"loc":{"start":{"line":22,"column":14},"end":{"line":25,"column":3}}},"3":{"name":"(anonymous_10)","decl":{"start":{"line":27,"column":18},"end":{"line":27,"column":null}},"loc":{"start":{"line":27,"column":18},"end":{"line":40,"column":3}}},"4":{"name":"(anonymous_11)","decl":{"start":{"line":37,"column":14},"end":{"line":37,"column":15}},"loc":{"start":{"line":37,"column":23},"end":{"line":39,"column":5}}},"5":{"name":"(anonymous_12)","decl":{"start":{"line":42,"column":11},"end":{"line":42,"column":12}},"loc":{"start":{"line":42,"column":26},"end":{"line":60,"column":3}}},"6":{"name":"(anonymous_13)","decl":{"start":{"line":62,"column":20},"end":{"line":62,"column":21}},"loc":{"start":{"line":62,"column":36},"end":{"line":74,"column":3}}},"7":{"name":"(anonymous_14)","decl":{"start":{"line":76,"column":18},"end":{"line":76,"column":null}},"loc":{"start":{"line":76,"column":18},"end":{"line":82,"column":3}}},"8":{"name":"(anonymous_15)","decl":{"start":{"line":84,"column":15},"end":{"line":84,"column":16}},"loc":{"start":{"line":84,"column":31},"end":{"line":99,"column":3}}},"9":{"name":"(anonymous_16)","decl":{"start":{"line":101,"column":14},"end":{"line":101,"column":15}},"loc":{"start":{"line":101,"column":28},"end":{"line":108,"column":3}}},"10":{"name":"(anonymous_17)","decl":{"start":{"line":105,"column":14},"end":{"line":105,"column":15}},"loc":{"start":{"line":105,"column":17},"end":{"line":107,"column":5}}}},"branchMap":{"0":{"loc":{"start":{"line":3,"column":0},"end":{"line":3,"column":36}},"type":"binary-expr","locations":[{"start":{"line":3,"column":0},"end":{"line":3,"column":36}},{"start":{"line":3,"column":0},"end":{"line":3,"column":36}},{"start":{"line":3,"column":0},"end":{"line":3,"column":36}}]},"1":{"loc":{"start":{"line":68,"column":24},"end":{"line":68,"column":38}},"type":"binary-expr","locations":[{"start":{"line":68,"column":24},"end":{"line":68,"column":38}},{"start":{"line":68,"column":42},"end":{"line":68,"column":63}}]},"2":{"loc":{"start":{"line":85,"column":4},"end":{"line":88,"column":null}},"type":"if","locations":[{"start":{"line":85,"column":4},"end":{"line":88,"column":null}},{"start":{"line":85,"column":4},"end":{"line":88,"column":null}}]},"3":{"loc":{"start":{"line":91,"column":4},"end":{"line":97,"column":null}},"type":"if","locations":[{"start":{"line":91,"column":4},"end":{"line":97,"column":null}},{"start":{"line":91,"column":4},"end":{"line":97,"column":null}}]},"4":{"loc":{"start":{"line":91,"column":8},"end":{"line":91,"column":38}},"type":"binary-expr","locations":[{"start":{"line":91,"column":8},"end":{"line":91,"column":38}},{"start":{"line":91,"column":42},"end":{"line":91,"column":72}}]}},"s":{"0":1,"1":1,"2":1,"3":0,"4":0,"5":0,"6":0,"7":0,"8":0,"9":0,"10":0,"11":0,"12":0,"13":0,"14":0,"15":0,"16":0,"17":0,"18":0,"19":0,"20":0,"21":0,"22":0,"23":0,"24":0,"25":0,"26":0,"27":0,"28":0,"29":0,"30":0,"31":0,"32":0,"33":0,"34":0,"35":0,"36":0,"37":0,"38":0,"39":0,"40":0,"41":0,"42":0,"43":0,"44":0,"45":0,"46":0,"47":0,"48":0,"49":1},"f":{"0":1,"1":0,"2":0,"3":0,"4":0,"5":0,"6":0,"7":0,"8":0,"9":0,"10":0},"b":{"0":[0,0,0],"1":[0,0],"2":[0,0],"3":[0,0],"4":[0,0]}}
,"/Users/Shared/data/project/frontend/quill-image-edit-module/src/modules/toolbar.ts": {"path":"/Users/Shared/data/project/frontend/quill-image-edit-module/src/modules/toolbar.ts","statementMap":{"0":{"start":{"line":1,"column":0},"end":{"line":1,"column":26}},"1":{"start":{"line":2,"column":0},"end":{"line":2,"column":62}},"2":{"start":{"line":3,"column":0},"end":{"line":3,"column":66}},"3":{"start":{"line":4,"column":0},"end":{"line":4,"column":64}},"4":{"start":{"line":5,"column":0},"end":{"line":5,"column":42}},"5":{"start":{"line":7,"column":18},"end":{"line":7,"column":43}},"6":{"start":{"line":9,"column":19},"end":{"line":9,"column":67}},"7":{"start":{"line":10,"column":20},"end":{"line":10,"column":70}},"8":{"start":{"line":11,"column":21},"end":{"line":11,"column":73}},"9":{"start":{"line":13,"column":0},"end":{"line":13,"column":null}},"10":{"start":{"line":13,"column":37},"end":{"line":13,"column":47}},"11":{"start":{"line":13,"column":0},"end":{"line":13,"column":37}},"12":{"start":{"line":17,"column":2},"end":{"line":26,"column":4}},"13":{"start":{"line":19,"column":4},"end":{"line":19,"column":49}},"14":{"start":{"line":20,"column":4},"end":{"line":20,"column":66}},"15":{"start":{"line":21,"column":4},"end":{"line":21,"column":43}},"16":{"start":{"line":24,"column":4},"end":{"line":24,"column":29}},"17":{"start":{"line":25,"column":4},"end":{"line":25,"column":30}},"18":{"start":{"line":28,"column":2},"end":{"line":58,"column":4}},"19":{"start":{"line":29,"column":4},"end":{"line":57,"column":6}},"20":{"start":{"line":33,"column":10},"end":{"line":33,"column":47}},"21":{"start":{"line":34,"column":10},"end":{"line":34,"column":43}},"22":{"start":{"line":35,"column":10},"end":{"line":35,"column":51}},"23":{"start":{"line":37,"column":25},"end":{"line":37,"column":null}},"24":{"start":{"line":42,"column":10},"end":{"line":42,"column":46}},"25":{"start":{"line":43,"column":10},"end":{"line":43,"column":38}},"26":{"start":{"line":44,"column":10},"end":{"line":44,"column":44}},"27":{"start":{"line":46,"column":25},"end":{"line":46,"column":null}},"28":{"start":{"line":51,"column":10},"end":{"line":51,"column":47}},"29":{"start":{"line":52,"column":10},"end":{"line":52,"column":44}},"30":{"start":{"line":53,"column":10},"end":{"line":53,"column":51}},"31":{"start":{"line":55,"column":25},"end":{"line":55,"column":null}},"32":{"start":{"line":60,"column":2},"end":{"line":93,"column":4}},"33":{"start":{"line":61,"column":35},"end":{"line":61,"column":37}},"34":{"start":{"line":62,"column":4},"end":{"line":92,"column":7}},"35":{"start":{"line":63,"column":21},"end":{"line":63,"column":51}},"36":{"start":{"line":64,"column":6},"end":{"line":64,"column":27}},"37":{"start":{"line":65,"column":6},"end":{"line":65,"column":40}},"38":{"start":{"line":66,"column":6},"end":{"line":81,"column":9}},"39":{"start":{"line":68,"column":8},"end":{"line":68,"column":75}},"40":{"start":{"line":68,"column":49},"end":{"line":68,"column":74}},"41":{"start":{"line":69,"column":8},"end":{"line":78,"column":null}},"42":{"start":{"line":71,"column":10},"end":{"line":71,"column":38}},"43":{"start":{"line":72,"column":10},"end":{"line":72,"column":39}},"44":{"start":{"line":73,"column":10},"end":{"line":73,"column":40}},"45":{"start":{"line":76,"column":10},"end":{"line":76,"column":37}},"46":{"start":{"line":77,"column":10},"end":{"line":77,"column":28}},"47":{"start":{"line":80,"column":8},"end":{"line":80,"column":29}},"48":{"start":{"line":82,"column":6},"end":{"line":82,"column":68}},"49":{"start":{"line":83,"column":6},"end":{"line":85,"column":null}},"50":{"start":{"line":84,"column":8},"end":{"line":84,"column":43}},"51":{"start":{"line":87,"column":6},"end":{"line":90,"column":null}},"52":{"start":{"line":89,"column":8},"end":{"line":89,"column":35}},"53":{"start":{"line":91,"column":6},"end":{"line":91,"column":40}},"54":{"start":{"line":95,"column":2},"end":{"line":97,"column":4}},"55":{"start":{"line":96,"column":4},"end":{"line":96,"column":40}},"56":{"start":{"line":98,"column":0},"end":{"line":98,"column":null}}},"fnMap":{"0":{"name":"(anonymous_7)","decl":{"start":{"line":13,"column":0},"end":{"line":13,"column":37}},"loc":{"start":{"line":13,"column":0},"end":{"line":98,"column":null}}},"1":{"name":"(anonymous_9)","decl":{"start":{"line":17,"column":13},"end":{"line":17,"column":null}},"loc":{"start":{"line":17,"column":13},"end":{"line":26,"column":3}}},"2":{"name":"(anonymous_10)","decl":{"start":{"line":28,"column":22},"end":{"line":28,"column":null}},"loc":{"start":{"line":28,"column":22},"end":{"line":58,"column":3}}},"3":{"name":"(anonymous_11)","decl":{"start":{"line":32,"column":15},"end":{"line":32,"column":null}},"loc":{"start":{"line":32,"column":15},"end":{"line":36,"column":9}}},"4":{"name":"(anonymous_12)","decl":{"start":{"line":37,"column":19},"end":{"line":37,"column":25}},"loc":{"start":{"line":37,"column":19},"end":{"line":37,"column":35}}},"5":{"name":"(anonymous_13)","decl":{"start":{"line":41,"column":15},"end":{"line":41,"column":null}},"loc":{"start":{"line":41,"column":15},"end":{"line":45,"column":9}}},"6":{"name":"(anonymous_14)","decl":{"start":{"line":46,"column":19},"end":{"line":46,"column":25}},"loc":{"start":{"line":46,"column":19},"end":{"line":46,"column":36}}},"7":{"name":"(anonymous_15)","decl":{"start":{"line":50,"column":15},"end":{"line":50,"column":null}},"loc":{"start":{"line":50,"column":15},"end":{"line":54,"column":9}}},"8":{"name":"(anonymous_16)","decl":{"start":{"line":55,"column":19},"end":{"line":55,"column":25}},"loc":{"start":{"line":55,"column":19},"end":{"line":55,"column":35}}},"9":{"name":"(anonymous_17)","decl":{"start":{"line":60,"column":23},"end":{"line":60,"column":null}},"loc":{"start":{"line":60,"column":23},"end":{"line":93,"column":3}}},"10":{"name":"(anonymous_18)","decl":{"start":{"line":62,"column":28},"end":{"line":62,"column":29}},"loc":{"start":{"line":62,"column":56},"end":{"line":92,"column":5}}},"11":{"name":"(anonymous_19)","decl":{"start":{"line":66,"column":39},"end":{"line":66,"column":null}},"loc":{"start":{"line":66,"column":39},"end":{"line":81,"column":7}}},"12":{"name":"(anonymous_20)","decl":{"start":{"line":68,"column":24},"end":{"line":68,"column":25}},"loc":{"start":{"line":68,"column":44},"end":{"line":68,"column":55}}},"13":{"name":"(anonymous_21)","decl":{"start":{"line":95,"column":18},"end":{"line":95,"column":19}},"loc":{"start":{"line":95,"column":38},"end":{"line":97,"column":3}}}},"branchMap":{"0":{"loc":{"start":{"line":13,"column":0},"end":{"line":13,"column":37}},"type":"binary-expr","locations":[{"start":{"line":13,"column":0},"end":{"line":13,"column":37}},{"start":{"line":13,"column":0},"end":{"line":13,"column":37}},{"start":{"line":13,"column":0},"end":{"line":13,"column":37}}]},"1":{"loc":{"start":{"line":69,"column":8},"end":{"line":78,"column":null}},"type":"if","locations":[{"start":{"line":69,"column":8},"end":{"line":78,"column":null}},{"start":{"line":69,"column":8},"end":{"line":78,"column":null}}]},"2":{"loc":{"start":{"line":83,"column":6},"end":{"line":85,"column":null}},"type":"if","locations":[{"start":{"line":83,"column":6},"end":{"line":85,"column":null}},{"start":{"line":83,"column":6},"end":{"line":85,"column":null}}]},"3":{"loc":{"start":{"line":87,"column":6},"end":{"line":90,"column":null}},"type":"if","locations":[{"start":{"line":87,"column":6},"end":{"line":90,"column":null}},{"start":{"line":87,"column":6},"end":{"line":90,"column":null}}]},"4":{"loc":{"start":{"line":91,"column":18},"end":{"line":91,"column":20}},"type":"cond-expr","locations":[{"start":{"line":91,"column":18},"end":{"line":91,"column":20}},{"start":{"line":91,"column":18},"end":{"line":91,"column":39}}]},"5":{"loc":{"start":{"line":91,"column":6},"end":{"line":91,"column":20}},"type":"binary-expr","locations":[{"start":{"line":91,"column":6},"end":{"line":91,"column":20}},{"start":{"line":91,"column":18},"end":{"line":91,"column":20}}]}},"s":{"0":1,"1":1,"2":1,"3":1,"4":1,"5":1,"6":1,"7":1,"8":1,"9":1,"10":1,"11":0,"12":0,"13":0,"14":0,"15":0,"16":0,"17":0,"18":0,"19":0,"20":0,"21":0,"22":0,"23":0,"24":0,"25":0,"26":0,"27":0,"28":0,"29":0,"30":0,"31":0,"32":0,"33":0,"34":0,"35":0,"36":0,"37":0,"38":0,"39":0,"40":0,"41":0,"42":0,"43":0,"44":0,"45":0,"46":0,"47":0,"48":0,"49":0,"50":0,"51":0,"52":0,"53":0,"54":0,"55":0,"56":1},"f":{"0":1,"1":0,"2":0,"3":0,"4":0,"5":0,"6":0,"7":0,"8":0,"9":0,"10":0,"11":0,"12":0,"13":0},"b":{"0":[0,0,0],"1":[0,0],"2":[0,0],"3":[0,0],"4":[0,0],"5":[0,0]}}
}
