TN:
SF:src/defaultOptions.ts
FNF:0
FNH:0
DA:1,1
LF:1
LH:1
BRF:0
BRH:0
end_of_record
TN:
SF:src/index.ts
FN:16,(anonymous_1)
FN:24,ImageEdit
FN:57,(anonymous_3)
FN:61,(anonymous_4)
FN:65,(anonymous_5)
FN:73,(anonymous_6)
FN:77,(anonymous_7)
FN:83,(anonymous_8)
FN:85,(anonymous_9)
FN:93,(anonymous_10)
FN:112,(anonymous_11)
FN:121,(anonymous_12)
FN:144,(anonymous_13)
FN:161,(anonymous_14)
FN:179,(anonymous_15)
FN:185,(anonymous_16)
FN:191,(anonymous_17)
FN:198,(anonymous_18)
FNF:18
FNH:4
FNDA:1,(anonymous_1)
FNDA:1,ImageEdit
FNDA:0,(anonymous_3)
FNDA:0,(anonymous_4)
FNDA:0,(anonymous_5)
FNDA:0,(anonymous_6)
FNDA:0,(anonymous_7)
FNDA:0,(anonymous_8)
FNDA:0,(anonymous_9)
FNDA:0,(anonymous_10)
FNDA:0,(anonymous_11)
FNDA:0,(anonymous_12)
FNDA:0,(anonymous_13)
FNDA:0,(anonymous_14)
FNDA:0,(anonymous_15)
FNDA:1,(anonymous_16)
FNDA:4,(anonymous_17)
FNDA:0,(anonymous_18)
DA:1,1
DA:2,1
DA:3,1
DA:4,1
DA:5,1
DA:6,1
DA:7,1
DA:9,1
DA:16,1
DA:24,1
DA:26,1
DA:30,1
DA:31,1
DA:32,1
DA:36,1
DA:39,1
DA:40,1
DA:44,1
DA:47,1
DA:49,1
DA:52,1
DA:54,1
DA:57,1
DA:58,0
DA:60,0
DA:61,0
DA:64,0
DA:66,0
DA:70,0
DA:73,1
DA:74,0
DA:76,0
DA:78,0
DA:83,1
DA:84,0
DA:86,0
DA:90,0
DA:93,1
DA:94,0
DA:95,0
DA:96,0
DA:98,0
DA:100,0
DA:102,0
DA:105,0
DA:106,0
DA:108,0
DA:112,1
DA:114,0
DA:116,0
DA:118,0
DA:121,1
DA:122,0
DA:123,0
DA:126,0
DA:129,0
DA:132,0
DA:133,0
DA:136,0
DA:137,0
DA:139,0
DA:141,0
DA:144,1
DA:145,0
DA:146,0
DA:150,0
DA:151,0
DA:154,0
DA:155,0
DA:158,0
DA:161,1
DA:162,0
DA:163,0
DA:167,0
DA:168,0
DA:169,0
DA:171,0
DA:179,1
DA:180,0
DA:181,0
DA:182,0
DA:185,1
DA:186,1
DA:193,4
DA:194,4
DA:198,1
DA:199,0
DA:200,0
DA:201,0
DA:203,0
DA:206,1
LF:91
LH:37
BRDA:24,0,0,0
BRDA:24,0,1,1
BRDA:61,1,0,0
BRDA:61,1,1,0
BRDA:95,2,0,0
BRDA:95,2,1,0
BRDA:95,3,0,0
BRDA:95,3,1,0
BRDA:95,3,2,0
BRDA:96,4,0,0
BRDA:96,4,1,0
BRDA:100,5,0,0
BRDA:100,5,1,0
BRDA:106,6,0,0
BRDA:106,6,1,0
BRDA:122,7,0,0
BRDA:122,7,1,0
BRDA:145,8,0,0
BRDA:145,8,1,0
BRDA:162,9,0,0
BRDA:162,9,1,0
BRDA:162,10,0,0
BRDA:162,10,1,0
BRDA:199,11,0,0
BRDA:199,11,1,0
BRDA:200,12,0,0
BRDA:200,12,1,0
BRDA:200,13,0,0
BRDA:200,13,1,0
BRDA:31,14,0,1
BRDA:31,14,1,0
BRDA:39,15,0,1
BRDA:39,15,1,0
BRDA:49,16,0,1
BRDA:49,16,1,1
BRF:35
BRH:5
end_of_record
TN:
SF:src/modules/baseModule.ts
FN:1,(anonymous_0)
FN:8,BaseModule
FN:31,(anonymous_2)
FN:37,(anonymous_3)
FN:44,(anonymous_4)
FNF:5
FNH:1
FNDA:1,(anonymous_0)
FNDA:0,BaseModule
FNDA:0,(anonymous_2)
FNDA:0,(anonymous_3)
FNDA:0,(anonymous_4)
DA:1,1
DA:9,0
DA:10,0
DA:11,0
DA:12,0
DA:13,0
DA:31,0
DA:37,0
DA:44,0
DA:45,1
LF:10
LH:2
BRF:0
BRH:0
end_of_record
TN:
SF:src/modules/delete.ts
FN:4,(anonymous_7)
FN:8,(anonymous_9)
FN:26,(anonymous_10)
FNF:3
FNH:1
FNDA:1,(anonymous_7)
FNDA:0,(anonymous_9)
FNDA:0,(anonymous_10)
DA:1,1
DA:2,1
DA:4,1
DA:8,0
DA:10,0
DA:11,0
DA:14,0
DA:15,0
DA:17,0
DA:19,0
DA:22,0
DA:23,0
DA:26,0
DA:27,0
DA:28,0
DA:29,0
DA:32,1
LF:17
LH:4
BRDA:4,0,0,0
BRDA:4,0,1,0
BRDA:4,0,2,0
BRDA:27,1,0,0
BRDA:27,1,1,0
BRF:5
BRH:0
end_of_record
TN:
SF:src/modules/displaySize.ts
FN:3,(anonymous_6)
FN:6,(anonymous_8)
FN:17,(anonymous_9)
FN:50,(anonymous_10)
FNF:4
FNH:1
FNDA:1,(anonymous_6)
FNDA:0,(anonymous_8)
FNDA:0,(anonymous_9)
FNDA:0,(anonymous_10)
DA:1,1
DA:3,1
DA:6,0
DA:8,0
DA:11,0
DA:14,0
DA:17,0
DA:18,0
DA:19,0
DA:22,0
DA:23,0
DA:24,0
DA:26,0
DA:31,0
DA:33,0
DA:34,0
DA:41,0
DA:42,0
DA:50,0
DA:54,1
LF:20
LH:3
BRDA:3,0,0,0
BRDA:3,0,1,0
BRDA:3,0,2,0
BRDA:18,1,0,0
BRDA:18,1,1,0
BRDA:18,2,0,0
BRDA:18,2,1,0
BRDA:24,3,0,0
BRDA:24,3,1,0
BRDA:24,4,0,0
BRDA:24,4,1,0
BRDA:31,5,0,0
BRDA:31,5,1,0
BRF:13
BRH:0
end_of_record
TN:
SF:src/modules/resize.ts
FN:3,(anonymous_6)
FN:9,(anonymous_8)
FN:22,(anonymous_9)
FN:27,(anonymous_10)
FN:37,(anonymous_11)
FN:42,(anonymous_12)
FN:62,(anonymous_13)
FN:76,(anonymous_14)
FN:84,(anonymous_15)
FN:101,(anonymous_16)
FN:105,(anonymous_17)
FNF:11
FNH:1
FNDA:1,(anonymous_6)
FNDA:0,(anonymous_8)
FNDA:0,(anonymous_9)
FNDA:0,(anonymous_10)
FNDA:0,(anonymous_11)
FNDA:0,(anonymous_12)
FNDA:0,(anonymous_13)
FNDA:0,(anonymous_14)
FNDA:0,(anonymous_15)
FNDA:0,(anonymous_16)
FNDA:0,(anonymous_17)
DA:1,1
DA:3,1
DA:9,0
DA:11,0
DA:14,0
DA:15,0
DA:16,0
DA:17,0
DA:19,0
DA:22,0
DA:24,0
DA:27,0
DA:28,0
DA:29,0
DA:32,0
DA:38,0
DA:42,0
DA:44,0
DA:47,0
DA:48,0
DA:51,0
DA:52,0
DA:55,0
DA:57,0
DA:59,0
DA:62,0
DA:64,0
DA:66,0
DA:68,0
DA:70,0
DA:72,0
DA:73,0
DA:76,0
DA:78,0
DA:80,0
DA:81,0
DA:84,0
DA:85,0
DA:87,0
DA:90,0
DA:91,0
DA:93,0
DA:96,0
DA:98,0
DA:101,0
DA:102,0
DA:106,0
DA:109,1
LF:48
LH:3
BRDA:3,0,0,0
BRDA:3,0,1,0
BRDA:3,0,2,0
BRDA:68,1,0,0
BRDA:68,1,1,0
BRDA:85,2,0,0
BRDA:85,2,1,0
BRDA:91,3,0,0
BRDA:91,3,1,0
BRDA:91,4,0,0
BRDA:91,4,1,0
BRF:11
BRH:0
end_of_record
TN:
SF:src/modules/toolbar.ts
FN:13,(anonymous_7)
FN:17,(anonymous_9)
FN:28,(anonymous_10)
FN:32,(anonymous_11)
FN:37,(anonymous_12)
FN:41,(anonymous_13)
FN:46,(anonymous_14)
FN:50,(anonymous_15)
FN:55,(anonymous_16)
FN:60,(anonymous_17)
FN:62,(anonymous_18)
FN:66,(anonymous_19)
FN:68,(anonymous_20)
FN:95,(anonymous_21)
FNF:14
FNH:1
FNDA:1,(anonymous_7)
FNDA:0,(anonymous_9)
FNDA:0,(anonymous_10)
FNDA:0,(anonymous_11)
FNDA:0,(anonymous_12)
FNDA:0,(anonymous_13)
FNDA:0,(anonymous_14)
FNDA:0,(anonymous_15)
FNDA:0,(anonymous_16)
FNDA:0,(anonymous_17)
FNDA:0,(anonymous_18)
FNDA:0,(anonymous_19)
FNDA:0,(anonymous_20)
FNDA:0,(anonymous_21)
DA:1,1
DA:2,1
DA:3,1
DA:4,1
DA:5,1
DA:7,1
DA:9,1
DA:10,1
DA:11,1
DA:13,1
DA:17,0
DA:19,0
DA:20,0
DA:21,0
DA:24,0
DA:25,0
DA:28,0
DA:29,0
DA:33,0
DA:34,0
DA:35,0
DA:37,0
DA:42,0
DA:43,0
DA:44,0
DA:46,0
DA:51,0
DA:52,0
DA:53,0
DA:55,0
DA:60,0
DA:61,0
DA:62,0
DA:63,0
DA:64,0
DA:65,0
DA:66,0
DA:68,0
DA:69,0
DA:71,0
DA:72,0
DA:73,0
DA:76,0
DA:77,0
DA:80,0
DA:82,0
DA:83,0
DA:84,0
DA:87,0
DA:89,0
DA:91,0
DA:95,0
DA:96,0
DA:98,1
LF:54
LH:11
BRDA:13,0,0,0
BRDA:13,0,1,0
BRDA:13,0,2,0
BRDA:69,1,0,0
BRDA:69,1,1,0
BRDA:83,2,0,0
BRDA:83,2,1,0
BRDA:87,3,0,0
BRDA:87,3,1,0
BRDA:91,4,0,0
BRDA:91,4,1,0
BRDA:91,5,0,0
BRDA:91,5,1,0
BRF:13
BRH:0
end_of_record
